Started GET "/" for 127.0.0.1 at 2019-05-08 09:04:43 -0400
Processing by KeyboardDemosController#demo1 as HTML
  Rendering keyboard_demos/demo1.html.erb within layouts/application
  Rendered keyboard_demos/demo1.html.erb within layouts/application (11.4ms)
Completed 200 OK in 5091ms (Views: 5075.0ms | ActiveRecord: 0.0ms)


Started GET "/a" for 127.0.0.1 at 2019-05-08 09:05:31 -0400
  
ActionController::RoutingError (No route matches [GET] "/a"):
  
actionpack (5.2.3) lib/action_dispatch/middleware/debug_exceptions.rb:65:in `call'
web-console (3.7.0) lib/web_console/middleware.rb:135:in `call_app'
web-console (3.7.0) lib/web_console/middleware.rb:30:in `block in call'
web-console (3.7.0) lib/web_console/middleware.rb:20:in `catch'
web-console (3.7.0) lib/web_console/middleware.rb:20:in `call'
actionpack (5.2.3) lib/action_dispatch/middleware/show_exceptions.rb:33:in `call'
railties (5.2.3) lib/rails/rack/logger.rb:38:in `call_app'
railties (5.2.3) lib/rails/rack/logger.rb:26:in `block in call'
activesupport (5.2.3) lib/active_support/tagged_logging.rb:71:in `block in tagged'
activesupport (5.2.3) lib/active_support/tagged_logging.rb:28:in `tagged'
activesupport (5.2.3) lib/active_support/tagged_logging.rb:71:in `tagged'
railties (5.2.3) lib/rails/rack/logger.rb:26:in `call'
sprockets-rails (3.2.1) lib/sprockets/rails/quiet_assets.rb:13:in `call'
actionpack (5.2.3) lib/action_dispatch/middleware/remote_ip.rb:81:in `call'
actionpack (5.2.3) lib/action_dispatch/middleware/request_id.rb:27:in `call'
rack (2.0.7) lib/rack/method_override.rb:22:in `call'
rack (2.0.7) lib/rack/runtime.rb:22:in `call'
activesupport (5.2.3) lib/active_support/cache/strategy/local_cache_middleware.rb:29:in `call'
actionpack (5.2.3) lib/action_dispatch/middleware/executor.rb:14:in `call'
actionpack (5.2.3) lib/action_dispatch/middleware/static.rb:127:in `call'
rack (2.0.7) lib/rack/sendfile.rb:111:in `call'
railties (5.2.3) lib/rails/engine.rb:524:in `call'
puma (3.12.1) lib/puma/configuration.rb:227:in `call'
puma (3.12.1) lib/puma/server.rb:660:in `handle_request'
puma (3.12.1) lib/puma/server.rb:474:in `process_client'
puma (3.12.1) lib/puma/server.rb:334:in `block in run'
puma (3.12.1) lib/puma/thread_pool.rb:135:in `block in spawn_thread'
Started GET "/" for 127.0.0.1 at 2019-05-08 10:03:59 -0400
Processing by KeyboardDemosController#demo1 as HTML
  Rendering keyboard_demos/demo1.html.erb within layouts/application
  Rendered keyboard_demos/demo1.html.erb within layouts/application (0.6ms)
Completed 200 OK in 215ms (Views: 209.3ms | ActiveRecord: 0.0ms)


Started GET "/" for 127.0.0.1 at 2019-05-08 10:09:01 -0400
Processing by KeyboardDemosController#demo1 as HTML
  Rendering keyboard_demos/demo1.html.erb within layouts/application
  Rendered keyboard_demos/demo1.html.erb within layouts/application (0.6ms)
Completed 200 OK in 281ms (Views: 279.6ms | ActiveRecord: 0.0ms)


Started GET "/" for 127.0.0.1 at 2019-05-08 10:10:03 -0400
Processing by KeyboardDemosController#demo1 as HTML
  Rendering keyboard_demos/demo1.html.erb within layouts/application
  Rendered keyboard_demos/demo1.html.erb within layouts/application (0.8ms)
Completed 200 OK in 303ms (Views: 300.2ms | ActiveRecord: 0.0ms)


Started GET "/" for 127.0.0.1 at 2019-05-08 10:11:20 -0400
Processing by KeyboardDemosController#demo1 as HTML
  Rendering keyboard_demos/demo1.html.erb within layouts/application
  Rendered keyboard_demos/demo1.html.erb within layouts/application (0.6ms)
Completed 200 OK in 208ms (Views: 206.5ms | ActiveRecord: 0.0ms)


Started GET "/" for 127.0.0.1 at 2019-05-08 10:12:51 -0400
Processing by KeyboardDemosController#demo1 as HTML
  Rendering keyboard_demos/demo1.html.erb within layouts/application
  Rendered keyboard_demos/demo1.html.erb within layouts/application (0.5ms)
Completed 200 OK in 233ms (Views: 232.0ms | ActiveRecord: 0.0ms)


Started GET "/" for 127.0.0.1 at 2019-05-08 10:21:42 -0400
Processing by KeyboardDemosController#demo1 as HTML
  Rendering keyboard_demos/demo1.html.erb within layouts/application
  Rendered keyboard_demos/demo1.html.erb within layouts/application (0.5ms)
Completed 200 OK in 68ms (Views: 66.9ms | ActiveRecord: 0.0ms)


Started GET "/" for 127.0.0.1 at 2019-05-08 10:23:02 -0400
Processing by KeyboardDemosController#demo1 as HTML
  Rendering keyboard_demos/demo1.html.erb within layouts/application
  Rendered keyboard_demos/demo1.html.erb within layouts/application (0.6ms)
Completed 200 OK in 207ms (Views: 204.7ms | ActiveRecord: 0.0ms)


Started GET "/" for 127.0.0.1 at 2019-05-08 10:23:34 -0400
Processing by KeyboardDemosController#demo1 as HTML
  Rendering keyboard_demos/demo1.html.erb within layouts/application
  Rendered keyboard_demos/demo1.html.erb within layouts/application (4.6ms)
Completed 200 OK in 63ms (Views: 61.9ms | ActiveRecord: 0.0ms)


Started GET "/" for 127.0.0.1 at 2019-05-08 10:23:53 -0400
Processing by KeyboardDemosController#demo1 as HTML
  Rendering keyboard_demos/demo1.html.erb within layouts/application
  Rendered keyboard_demos/demo1.html.erb within layouts/application (0.7ms)
Completed 200 OK in 193ms (Views: 191.0ms | ActiveRecord: 0.0ms)


Started GET "/" for 127.0.0.1 at 2019-05-08 10:24:10 -0400
Processing by KeyboardDemosController#demo1 as HTML
  Rendering keyboard_demos/demo1.html.erb within layouts/application
  Rendered keyboard_demos/demo1.html.erb within layouts/application (0.5ms)
Completed 200 OK in 65ms (Views: 64.0ms | ActiveRecord: 0.0ms)


Started GET "/" for 127.0.0.1 at 2019-05-08 10:26:33 -0400
Processing by KeyboardDemosController#demo1 as HTML
  Rendering keyboard_demos/demo1.html.erb within layouts/application
  Rendered keyboard_demos/demo1.html.erb within layouts/application (0.6ms)
Completed 200 OK in 198ms (Views: 195.6ms | ActiveRecord: 0.0ms)


Started GET "/" for 127.0.0.1 at 2019-05-08 10:27:12 -0400
Processing by KeyboardDemosController#demo1 as HTML
  Rendering keyboard_demos/demo1.html.erb within layouts/application
  Rendered keyboard_demos/demo1.html.erb within layouts/application (0.7ms)
Completed 200 OK in 214ms (Views: 210.2ms | ActiveRecord: 0.0ms)


Started GET "/" for 127.0.0.1 at 2019-05-08 10:53:40 -0400
Processing by KeyboardDemosController#demo1 as HTML
  Rendering keyboard_demos/demo1.html.erb within layouts/application
  Rendered keyboard_demos/demo1.html.erb within layouts/application (0.5ms)
Completed 200 OK in 75ms (Views: 72.8ms | ActiveRecord: 0.0ms)


Started GET "/" for 127.0.0.1 at 2019-05-08 10:54:12 -0400
Processing by KeyboardDemosController#demo1 as HTML
  Rendering keyboard_demos/demo1.html.erb within layouts/application
  Rendered keyboard_demos/demo1.html.erb within layouts/application (0.5ms)
Completed 200 OK in 187ms (Views: 185.4ms | ActiveRecord: 0.0ms)


Started GET "/" for 127.0.0.1 at 2019-05-08 10:54:52 -0400
Processing by KeyboardDemosController#demo1 as HTML
  Rendering keyboard_demos/demo1.html.erb within layouts/application
  Rendered keyboard_demos/demo1.html.erb within layouts/application (0.5ms)
Completed 200 OK in 216ms (Views: 212.2ms | ActiveRecord: 0.0ms)


Started GET "/" for 127.0.0.1 at 2019-05-08 10:55:08 -0400
Processing by KeyboardDemosController#demo1 as HTML
  Rendering keyboard_demos/demo1.html.erb within layouts/application
  Rendered keyboard_demos/demo1.html.erb within layouts/application (0.5ms)
Completed 200 OK in 92ms (Views: 90.7ms | ActiveRecord: 0.0ms)


Started GET "/" for 127.0.0.1 at 2019-05-08 10:55:27 -0400
Processing by KeyboardDemosController#demo1 as HTML
  Rendering keyboard_demos/demo1.html.erb within layouts/application
  Rendered keyboard_demos/demo1.html.erb within layouts/application (0.5ms)
Completed 200 OK in 211ms (Views: 209.4ms | ActiveRecord: 0.0ms)


Started GET "/" for 127.0.0.1 at 2019-05-08 10:56:01 -0400
Processing by KeyboardDemosController#demo1 as HTML
  Rendering keyboard_demos/demo1.html.erb within layouts/application
  Rendered keyboard_demos/demo1.html.erb within layouts/application (4.8ms)
Completed 200 OK in 198ms (Views: 195.9ms | ActiveRecord: 0.0ms)


Started GET "/" for 127.0.0.1 at 2019-05-08 10:59:17 -0400
Processing by KeyboardDemosController#demo1 as HTML
  Rendering keyboard_demos/demo1.html.erb within layouts/application
  Rendered keyboard_demos/demo1.html.erb within layouts/application (0.5ms)
Completed 200 OK in 178ms (Views: 176.4ms | ActiveRecord: 0.0ms)


Started GET "/" for 127.0.0.1 at 2019-05-08 11:03:01 -0400
Processing by KeyboardDemosController#demo1 as HTML
  Rendering keyboard_demos/demo1.html.erb within layouts/application
  Rendered keyboard_demos/demo1.html.erb within layouts/application (0.5ms)
Completed 200 OK in 188ms (Views: 186.7ms | ActiveRecord: 0.0ms)


Started GET "/" for 127.0.0.1 at 2019-05-08 11:04:07 -0400
Processing by KeyboardDemosController#demo1 as HTML
  Rendering keyboard_demos/demo1.html.erb within layouts/application
  Rendered keyboard_demos/demo1.html.erb within layouts/application (0.5ms)
Completed 200 OK in 287ms (Views: 286.0ms | ActiveRecord: 0.0ms)


Started GET "/" for 127.0.0.1 at 2019-05-08 11:04:58 -0400
Processing by KeyboardDemosController#demo1 as HTML
  Rendering keyboard_demos/demo1.html.erb within layouts/application
  Rendered keyboard_demos/demo1.html.erb within layouts/application (0.7ms)
Completed 200 OK in 192ms (Views: 190.1ms | ActiveRecord: 0.0ms)


Started GET "/" for 127.0.0.1 at 2019-05-08 11:12:22 -0400
Processing by KeyboardDemosController#demo1 as HTML
  Rendering keyboard_demos/demo1.html.erb within layouts/application
  Rendered keyboard_demos/demo1.html.erb within layouts/application (0.6ms)
Completed 200 OK in 207ms (Views: 204.4ms | ActiveRecord: 0.0ms)


Started GET "/" for 127.0.0.1 at 2019-05-08 11:12:44 -0400
Processing by KeyboardDemosController#demo1 as HTML
  Rendering keyboard_demos/demo1.html.erb within layouts/application
  Rendered keyboard_demos/demo1.html.erb within layouts/application (0.5ms)
Completed 200 OK in 179ms (Views: 177.5ms | ActiveRecord: 0.0ms)


Started GET "/" for 127.0.0.1 at 2019-05-08 11:13:01 -0400
Processing by KeyboardDemosController#demo1 as HTML
  Rendering keyboard_demos/demo1.html.erb within layouts/application
  Rendered keyboard_demos/demo1.html.erb within layouts/application (0.8ms)
Completed 200 OK in 224ms (Views: 221.8ms | ActiveRecord: 0.0ms)


Started GET "/" for 127.0.0.1 at 2019-05-08 11:19:55 -0400
Processing by KeyboardDemosController#demo1 as HTML
  Rendering keyboard_demos/demo1.html.erb within layouts/application
  Rendered keyboard_demos/demo1.html.erb within layouts/application (0.5ms)
Completed 200 OK in 192ms (Views: 190.2ms | ActiveRecord: 0.0ms)


Started GET "/" for 127.0.0.1 at 2019-05-08 11:21:02 -0400
Processing by KeyboardDemosController#demo1 as HTML
  Rendering keyboard_demos/demo1.html.erb within layouts/application
  Rendered keyboard_demos/demo1.html.erb within layouts/application (0.6ms)
Completed 200 OK in 284ms (Views: 281.9ms | ActiveRecord: 0.0ms)


Started GET "/" for 127.0.0.1 at 2019-05-08 11:26:17 -0400
Processing by KeyboardDemosController#demo1 as HTML
  Rendering keyboard_demos/demo1.html.erb within layouts/application
  Rendered keyboard_demos/demo1.html.erb within layouts/application (0.5ms)
Completed 200 OK in 177ms (Views: 175.7ms | ActiveRecord: 0.0ms)


Started GET "/" for 127.0.0.1 at 2019-05-08 11:26:32 -0400
Processing by KeyboardDemosController#demo1 as HTML
  Rendering keyboard_demos/demo1.html.erb within layouts/application
  Rendered keyboard_demos/demo1.html.erb within layouts/application (0.8ms)
Completed 200 OK in 267ms (Views: 264.4ms | ActiveRecord: 0.0ms)


Started GET "/" for 127.0.0.1 at 2019-05-08 11:27:39 -0400
Processing by KeyboardDemosController#demo1 as HTML
  Rendering keyboard_demos/demo1.html.erb within layouts/application
  Rendered keyboard_demos/demo1.html.erb within layouts/application (0.8ms)
Completed 200 OK in 186ms (Views: 179.6ms | ActiveRecord: 0.0ms)


Started GET "/" for 127.0.0.1 at 2019-05-08 17:31:29 -0400
Processing by KeyboardDemosController#demo1 as HTML
  Rendering keyboard_demos/demo1.html.erb within layouts/application
  Rendered keyboard_demos/demo1.html.erb within layouts/application (0.5ms)
Completed 200 OK in 181ms (Views: 179.4ms | ActiveRecord: 0.0ms)


Started GET "/" for 127.0.0.1 at 2019-05-08 17:34:13 -0400
Processing by KeyboardDemosController#demo1 as HTML
  Rendering keyboard_demos/demo1.html.erb within layouts/application
  Rendered keyboard_demos/demo1.html.erb within layouts/application (0.5ms)
Completed 200 OK in 88ms (Views: 86.2ms | ActiveRecord: 0.0ms)


Started GET "/" for 127.0.0.1 at 2019-05-08 17:35:16 -0400
Processing by KeyboardDemosController#demo1 as HTML
  Rendering keyboard_demos/demo1.html.erb within layouts/application
  Rendered keyboard_demos/demo1.html.erb within layouts/application (0.7ms)
Completed 200 OK in 205ms (Views: 203.0ms | ActiveRecord: 0.0ms)


Started GET "/" for 127.0.0.1 at 2019-05-08 17:38:57 -0400
Processing by KeyboardDemosController#demo1 as HTML
  Rendering keyboard_demos/demo1.html.erb within layouts/application
  Rendered keyboard_demos/demo1.html.erb within layouts/application (0.5ms)
Completed 200 OK in 199ms (Views: 195.1ms | ActiveRecord: 0.0ms)


